<?xml version="1.0" encoding="UTF-8"?>
<!-- Generated by org.testng.reporters.JUnitXMLReporter -->
<testsuite hostname="OSIT-L-0489" ignored="1" name="Default test" tests="2" failures="0" timestamp="20 Apr 2018 09:01:37 GMT" time="23.383" errors="0">
  <testcase name="skipTest" time="0.011" classname="scripts.ExtentReportExample">
    <skipped/>
  </testcase> <!-- skipTest -->
  <testcase name="test1" time="5.921" classname="scripts.ExtentReportExample"/>
  <testcase name="test2" time="0.0" classname="scripts.ExtentReportExample">
    <ignored/>
  </testcase> <!-- test2 -->
</testsuite> <!-- Default test -->
