<?xml version="1.0" encoding="UTF-8"?>
<testng-results skipped="1" failed="0" ignored="1" total="3" passed="1">
  <reporter-output>
  </reporter-output>
  <suite name="Default suite" duration-ms="23383" started-at="2018-04-20T09:01:14Z" finished-at="2018-04-20T09:01:37Z">
    <groups>
    </groups>
    <test name="Default test" duration-ms="23383" started-at="2018-04-20T09:01:14Z" finished-at="2018-04-20T09:01:37Z">
      <class name="scripts.ExtentReportExample">
        <test-method status="PASS" signature="startReport()[pri:0, instance:scripts.ExtentReportExample@66d1af89]" name="startReport" is-config="true" duration-ms="179" started-at="2018-04-20T09:01:14Z" finished-at="2018-04-20T09:01:14Z">
          <reporter-output>
          </reporter-output>
        </test-method> <!-- startReport -->
        <test-method status="PASS" signature="initilizeBrowser()[pri:0, instance:scripts.ExtentReportExample@66d1af89]" name="initilizeBrowser" is-config="true" duration-ms="9056" started-at="2018-04-20T09:01:14Z" finished-at="2018-04-20T09:01:23Z">
          <reporter-output>
          </reporter-output>
        </test-method> <!-- initilizeBrowser -->
        <test-method status="SKIP" signature="skipTest()[pri:0, instance:scripts.ExtentReportExample@66d1af89]" name="skipTest" duration-ms="11" started-at="2018-04-20T09:01:23Z" finished-at="2018-04-20T09:01:23Z">
          <exception class="org.testng.SkipException">
            <message>
              <![CDATA[Skipping - This is not ready for testing ]]>
            </message>
            <full-stacktrace>
              <![CDATA[org.testng.SkipException: Skipping - This is not ready for testing 
at scripts.ExtentReportExample.skipTest(ExtentReportExample.java:68)
at sun.reflect.NativeMethodAccessorImpl.invoke0(Native Method)
at sun.reflect.NativeMethodAccessorImpl.invoke(Unknown Source)
at sun.reflect.DelegatingMethodAccessorImpl.invoke(Unknown Source)
at java.lang.reflect.Method.invoke(Unknown Source)
at org.testng.internal.MethodInvocationHelper.invokeMethod(MethodInvocationHelper.java:124)
at org.testng.internal.Invoker.invokeMethod(Invoker.java:583)
at org.testng.internal.Invoker.invokeTestMethod(Invoker.java:719)
at org.testng.internal.Invoker.invokeTestMethods(Invoker.java:989)
at org.testng.internal.TestMethodWorker.invokeTestMethods(TestMethodWorker.java:125)
at org.testng.internal.TestMethodWorker.run(TestMethodWorker.java:109)
at org.testng.TestRunner.privateRun(TestRunner.java:648)
at org.testng.TestRunner.run(TestRunner.java:505)
at org.testng.SuiteRunner.runTest(SuiteRunner.java:455)
at org.testng.SuiteRunner.runSequentially(SuiteRunner.java:450)
at org.testng.SuiteRunner.privateRun(SuiteRunner.java:415)
at org.testng.SuiteRunner.run(SuiteRunner.java:364)
at org.testng.SuiteRunnerWorker.runSuite(SuiteRunnerWorker.java:52)
at org.testng.SuiteRunnerWorker.run(SuiteRunnerWorker.java:84)
at org.testng.TestNG.runSuitesSequentially(TestNG.java:1208)
at org.testng.TestNG.runSuitesLocally(TestNG.java:1137)
at org.testng.TestNG.runSuites(TestNG.java:1049)
at org.testng.TestNG.run(TestNG.java:1017)
at org.testng.remote.AbstractRemoteTestNG.run(AbstractRemoteTestNG.java:132)
at org.testng.remote.RemoteTestNG.initAndRun(RemoteTestNG.java:236)
at org.testng.remote.RemoteTestNG.main(RemoteTestNG.java:81)
]]>
            </full-stacktrace>
          </exception> <!-- org.testng.SkipException -->
          <reporter-output>
          </reporter-output>
        </test-method> <!-- skipTest -->
        <test-method status="PASS" signature="closeBrowser(org.testng.ITestResult)[pri:0, instance:scripts.ExtentReportExample@66d1af89]" name="closeBrowser" is-config="true" duration-ms="242" started-at="2018-04-20T09:01:23Z" finished-at="2018-04-20T09:01:23Z">
          <params>
            <param index="0">
              <value>
                <![CDATA[[TestResult name=skipTest status=SKIP method=ExtentReportExample.skipTest()[pri:0, instance:scripts.ExtentReportExample@66d1af89] output={null}]]]>
              </value>
            </param>
          </params>
          <reporter-output>
          </reporter-output>
        </test-method> <!-- closeBrowser -->
        <test-method status="PASS" signature="initilizeBrowser()[pri:0, instance:scripts.ExtentReportExample@66d1af89]" name="initilizeBrowser" is-config="true" duration-ms="7319" started-at="2018-04-20T09:01:23Z" finished-at="2018-04-20T09:01:31Z">
          <reporter-output>
          </reporter-output>
        </test-method> <!-- initilizeBrowser -->
        <test-method status="PASS" signature="test1()[pri:0, instance:scripts.ExtentReportExample@66d1af89]" name="test1" duration-ms="5921" started-at="2018-04-20T09:01:31Z" finished-at="2018-04-20T09:01:37Z">
          <reporter-output>
          </reporter-output>
        </test-method> <!-- test1 -->
        <test-method status="PASS" signature="closeBrowser(org.testng.ITestResult)[pri:0, instance:scripts.ExtentReportExample@66d1af89]" name="closeBrowser" is-config="true" duration-ms="277" started-at="2018-04-20T09:01:37Z" finished-at="2018-04-20T09:01:37Z">
          <params>
            <param index="0">
              <value>
                <![CDATA[[TestResult name=test1 status=SUCCESS method=ExtentReportExample.test1()[pri:0, instance:scripts.ExtentReportExample@66d1af89] output={null}]]]>
              </value>
            </param>
          </params>
          <reporter-output>
          </reporter-output>
        </test-method> <!-- closeBrowser -->
        <test-method status="PASS" signature="endReport()[pri:0, instance:scripts.ExtentReportExample@66d1af89]" name="endReport" is-config="true" duration-ms="345" started-at="2018-04-20T09:01:37Z" finished-at="2018-04-20T09:01:37Z">
          <reporter-output>
          </reporter-output>
        </test-method> <!-- endReport -->
      </class> <!-- scripts.ExtentReportExample -->
    </test> <!-- Default test -->
  </suite> <!-- Default suite -->
</testng-results>
