<?xml version="1.0" encoding="UTF-8"?>
<testng-results skipped="1" failed="0" total="2" passed="1">
  <reporter-output>
  </reporter-output>
  <suite name="Default suite" duration-ms="61197" started-at="2017-05-08T17:56:17Z" finished-at="2017-05-08T17:57:19Z">
    <groups>
    </groups>
    <test name="Default test" duration-ms="61197" started-at="2017-05-08T17:56:17Z" finished-at="2017-05-08T17:57:19Z">
      <class name="scripts.ExtentReportExample">
        <test-method status="PASS" signature="startReport()[pri:0, instance:scripts.ExtentReportExample@5f341870]" name="startReport" is-config="true" duration-ms="4362" started-at="2017-05-08T23:26:17Z" finished-at="2017-05-08T23:26:22Z">
          <reporter-output>
          </reporter-output>
        </test-method> <!-- startReport -->
        <test-method status="PASS" signature="initilizeBrowser()[pri:0, instance:scripts.ExtentReportExample@5f341870]" name="initilizeBrowser" is-config="true" duration-ms="34884" started-at="2017-05-08T23:26:22Z" finished-at="2017-05-08T23:26:57Z">
          <reporter-output>
          </reporter-output>
        </test-method> <!-- initilizeBrowser -->
        <test-method status="SKIP" signature="skipTest()[pri:0, instance:scripts.ExtentReportExample@5f341870]" name="skipTest" duration-ms="10" started-at="2017-05-08T23:26:57Z" finished-at="2017-05-08T23:26:57Z">
          <exception class="org.testng.SkipException">
            <message>
              <![CDATA[Skipping - This is not ready for testing ]]>
            </message>
            <full-stacktrace>
              <![CDATA[org.testng.SkipException: Skipping - This is not ready for testing 
	at scripts.ExtentReportExample.skipTest(ExtentReportExample.java:68)
	at sun.reflect.NativeMethodAccessorImpl.invoke0(Native Method)
	at sun.reflect.NativeMethodAccessorImpl.invoke(Unknown Source)
	at sun.reflect.DelegatingMethodAccessorImpl.invoke(Unknown Source)
	at java.lang.reflect.Method.invoke(Unknown Source)
	at org.testng.internal.MethodInvocationHelper.invokeMethod(MethodInvocationHelper.java:85)
	at org.testng.internal.Invoker.invokeMethod(Invoker.java:639)
	at org.testng.internal.Invoker.invokeTestMethod(Invoker.java:816)
	at org.testng.internal.Invoker.invokeTestMethods(Invoker.java:1124)
	at org.testng.internal.TestMethodWorker.invokeTestMethods(TestMethodWorker.java:125)
	at org.testng.internal.TestMethodWorker.run(TestMethodWorker.java:108)
	at org.testng.TestRunner.privateRun(TestRunner.java:774)
	at org.testng.TestRunner.run(TestRunner.java:624)
	at org.testng.SuiteRunner.runTest(SuiteRunner.java:359)
	at org.testng.SuiteRunner.runSequentially(SuiteRunner.java:354)
	at org.testng.SuiteRunner.privateRun(SuiteRunner.java:312)
	at org.testng.SuiteRunner.run(SuiteRunner.java:261)
	at org.testng.SuiteRunnerWorker.runSuite(SuiteRunnerWorker.java:52)
	at org.testng.SuiteRunnerWorker.run(SuiteRunnerWorker.java:86)
	at org.testng.TestNG.runSuitesSequentially(TestNG.java:1215)
	at org.testng.TestNG.runSuitesLocally(TestNG.java:1140)
	at org.testng.TestNG.run(TestNG.java:1048)
	at org.testng.remote.AbstractRemoteTestNG.run(AbstractRemoteTestNG.java:132)
	at org.testng.remote.RemoteTestNG.initAndRun(RemoteTestNG.java:236)
	at org.testng.remote.RemoteTestNG.main(RemoteTestNG.java:81)
]]>
            </full-stacktrace>
          </exception> <!-- org.testng.SkipException -->
          <reporter-output>
          </reporter-output>
        </test-method> <!-- skipTest -->
        <test-method status="PASS" signature="closeBrowser(org.testng.ITestResult)[pri:0, instance:scripts.ExtentReportExample@5f341870]" name="closeBrowser" is-config="true" duration-ms="3953" started-at="2017-05-08T23:26:57Z" finished-at="2017-05-08T23:27:01Z">
          <params>
            <param index="0">
              <value>
                <![CDATA[[TestResult name=skipTest status=SKIP method=ExtentReportExample.skipTest()[pri:0, instance:scripts.ExtentReportExample@5f341870] output={null}]]]>
              </value>
            </param>
          </params>
          <reporter-output>
          </reporter-output>
        </test-method> <!-- closeBrowser -->
        <test-method status="PASS" signature="initilizeBrowser()[pri:0, instance:scripts.ExtentReportExample@5f341870]" name="initilizeBrowser" is-config="true" duration-ms="9151" started-at="2017-05-08T23:27:01Z" finished-at="2017-05-08T23:27:10Z">
          <reporter-output>
          </reporter-output>
        </test-method> <!-- initilizeBrowser -->
        <test-method status="PASS" signature="test1()[pri:0, instance:scripts.ExtentReportExample@5f341870]" name="test1" duration-ms="7039" started-at="2017-05-08T23:27:10Z" finished-at="2017-05-08T23:27:17Z">
          <reporter-output>
          </reporter-output>
        </test-method> <!-- test1 -->
        <test-method status="PASS" signature="closeBrowser(org.testng.ITestResult)[pri:0, instance:scripts.ExtentReportExample@5f341870]" name="closeBrowser" is-config="true" duration-ms="431" started-at="2017-05-08T23:27:17Z" finished-at="2017-05-08T23:27:17Z">
          <params>
            <param index="0">
              <value>
                <![CDATA[[TestResult name=test1 status=SUCCESS method=ExtentReportExample.test1()[pri:0, instance:scripts.ExtentReportExample@5f341870] output={null}]]]>
              </value>
            </param>
          </params>
          <reporter-output>
          </reporter-output>
        </test-method> <!-- closeBrowser -->
        <test-method status="PASS" signature="endReport()[pri:0, instance:scripts.ExtentReportExample@5f341870]" name="endReport" is-config="true" duration-ms="1303" started-at="2017-05-08T23:27:17Z" finished-at="2017-05-08T23:27:19Z">
          <reporter-output>
          </reporter-output>
        </test-method> <!-- endReport -->
      </class> <!-- scripts.ExtentReportExample -->
    </test> <!-- Default test -->
  </suite> <!-- Default suite -->
</testng-results>
